#
# There is insufficient memory for the Java Runtime Environment to continue.
# Native memory allocation (malloc) failed to allocate 1535856 bytes for Chunk::new
# Possible reasons:
#   The system is out of physical RAM or swap space
#   The process is running with CompressedOops enabled, and the Java Heap may be blocking the growth of the native heap
# Possible solutions:
#   Reduce memory load on the system
#   Increase physical memory or swap space
#   Check if swap backing store is full
#   Decrease Java heap size (-Xmx/-Xms)
#   Decrease number of Java threads
#   Decrease Java thread stack sizes (-Xss)
#   Set larger code cache with -XX:ReservedCodeCacheSize=
#   JVM is running with Zero Based Compressed Oops mode in which the Java heap is
#     placed in the first 32GB address space. The Java Heap base address is the
#     maximum limit for the native heap growth. Please use -XX:HeapBaseMinAddress
#     to set the Java Heap base and to place the Java Heap above 32GB virtual address.
# This output file may be truncated or incomplete.
#
#  Out of Memory Error (arena.cpp:189), pid=13220, tid=8556
#
# JRE version: OpenJDK Runtime Environment (17.0.6) (build 17.0.6+0-b2043.56-10027231)
# Java VM: OpenJDK 64-Bit Server VM (17.0.6+0-b2043.56-10027231, mixed mode, tiered, compressed oops, compressed class ptrs, g1 gc, windows-amd64)
# No core dump will be written. Minidumps are not enabled by default on client versions of Windows
#

---------------  S U M M A R Y ------------

Command Line: org.jetbrains.kotlin.cli.jvm.K2JVMCompiler @C:\Users\Luke\Desktop\Studium\Mobile Computing\Calculator\app\build\20231014_15958760843624417727.compiler.options

Host: Intel(R) Core(TM) i7-7700K CPU @ 4.20GHz, 8 cores, 15G,  Windows 10 , 64 bit Build 19041 (10.0.19041.3570)
Time: Sat Oct 14 18:31:53 2023 W. Europe Daylight Time elapsed time: 2.747798 seconds (0d 0h 0m 2s)

---------------  T H R E A D  ---------------

Current thread (0x000001e2f4c94880):  JavaThread "C2 CompilerThread0" daemon [_thread_in_native, id=8556, stack(0x000000c915900000,0x000000c915a00000)]


Current CompileTask:
C2:   2747 3276       4       jdk.internal.loader.BuiltinClassLoader::defineClass (121 bytes)

Stack: [0x000000c915900000,0x000000c915a00000]
Native frames: (J=compiled Java code, j=interpreted, Vv=VM code, C=native code)
V  [jvm.dll+0x683c9a]
V  [jvm.dll+0x8427a4]
V  [jvm.dll+0x843f9e]
V  [jvm.dll+0x844603]
V  [jvm.dll+0x249b75]
V  [jvm.dll+0xabcac]
V  [jvm.dll+0xac27c]
V  [jvm.dll+0x368802]
V  [jvm.dll+0x332f31]
V  [jvm.dll+0x3323da]
V  [jvm.dll+0x21c201]
V  [jvm.dll+0x21b621]
V  [jvm.dll+0x1a4fdd]
V  [jvm.dll+0x22b098]
V  [jvm.dll+0x229159]
V  [jvm.dll+0x7f81ec]
V  [jvm.dll+0x7f274a]
V  [jvm.dll+0x682ad5]
C  [ucrtbase.dll+0x21bb2]
C  [KERNEL32.DLL+0x17344]
C  [ntdll.dll+0x526b1]


---------------  P R O C E S S  ---------------

Threads class SMR info:
_java_thread_list=0x000001e2f6f9e530, length=14, elements={
0x000001e2d55f90a0, 0x000001e2f4c5b270, 0x000001e2f4c5c0e0, 0x000001e2f4c9b890,
0x000001e2f4c9c360, 0x000001e2f4c914e0, 0x000001e2f4c92540, 0x000001e2f4c94880,
0x000001e2f4ca28f0, 0x000001e2f4ca5d90, 0x000001e2f4e0cbc0, 0x000001e2f4e10d40,
0x000001e2f4e91fa0, 0x000001e2f951bca0
}

Java Threads: ( => current thread )
  0x000001e2d55f90a0 JavaThread "main" [_thread_in_vm, id=8112, stack(0x000000c914c00000,0x000000c914d00000)]
  0x000001e2f4c5b270 JavaThread "Reference Handler" daemon [_thread_blocked, id=10436, stack(0x000000c915300000,0x000000c915400000)]
  0x000001e2f4c5c0e0 JavaThread "Finalizer" daemon [_thread_blocked, id=11388, stack(0x000000c915400000,0x000000c915500000)]
  0x000001e2f4c9b890 JavaThread "Signal Dispatcher" daemon [_thread_blocked, id=12352, stack(0x000000c915500000,0x000000c915600000)]
  0x000001e2f4c9c360 JavaThread "Attach Listener" daemon [_thread_blocked, id=15484, stack(0x000000c915600000,0x000000c915700000)]
  0x000001e2f4c914e0 JavaThread "Service Thread" daemon [_thread_blocked, id=11760, stack(0x000000c915700000,0x000000c915800000)]
  0x000001e2f4c92540 JavaThread "Monitor Deflation Thread" daemon [_thread_blocked, id=4520, stack(0x000000c915800000,0x000000c915900000)]
=>0x000001e2f4c94880 JavaThread "C2 CompilerThread0" daemon [_thread_in_native, id=8556, stack(0x000000c915900000,0x000000c915a00000)]
  0x000001e2f4ca28f0 JavaThread "C1 CompilerThread0" daemon [_thread_blocked, id=7308, stack(0x000000c915a00000,0x000000c915b00000)]
  0x000001e2f4ca5d90 JavaThread "Sweeper thread" daemon [_thread_blocked, id=12404, stack(0x000000c915b00000,0x000000c915c00000)]
  0x000001e2f4e0cbc0 JavaThread "Notification Thread" daemon [_thread_blocked, id=9120, stack(0x000000c915c00000,0x000000c915d00000)]
  0x000001e2f4e10d40 JavaThread "Common-Cleaner" daemon [_thread_blocked, id=5720, stack(0x000000c915e00000,0x000000c915f00000)]
  0x000001e2f4e91fa0 JavaThread "C2 CompilerThread1" daemon [_thread_in_native, id=16856, stack(0x000000c915f00000,0x000000c916000000)]
  0x000001e2f951bca0 JavaThread "C2 CompilerThread2" daemon [_thread_in_native, id=17612, stack(0x000000c916800000,0x000000c916900000)]

Other Threads:
  0x000001e2f405ced0 VMThread "VM Thread" [stack: 0x000000c915200000,0x000000c915300000] [id=16168]
  0x000001e2f4cc59a0 WatcherThread [stack: 0x000000c915d00000,0x000000c915e00000] [id=5944]
  0x000001e2d5667630 GCTaskThread "GC Thread#0" [stack: 0x000000c914d00000,0x000000c914e00000] [id=14452]
  0x000001e2f53596a0 GCTaskThread "GC Thread#1" [stack: 0x000000c916000000,0x000000c916100000] [id=11636]
  0x000001e2f5388000 GCTaskThread "GC Thread#2" [stack: 0x000000c916100000,0x000000c916200000] [id=13192]
  0x000001e2f53086e0 GCTaskThread "GC Thread#3" [stack: 0x000000c916200000,0x000000c916300000] [id=12816]
  0x000001e2f5308990 GCTaskThread "GC Thread#4" [stack: 0x000000c916300000,0x000000c916400000] [id=15864]
  0x000001e2f53b0280 GCTaskThread "GC Thread#5" [stack: 0x000000c916400000,0x000000c916500000] [id=5272]
  0x000001e2f6138e30 GCTaskThread "GC Thread#6" [stack: 0x000000c916500000,0x000000c916600000] [id=9620]
  0x000001e2f61398f0 GCTaskThread "GC Thread#7" [stack: 0x000000c916600000,0x000000c916700000] [id=16064]
  0x000001e2d56784c0 ConcurrentGCThread "G1 Main Marker" [stack: 0x000000c914e00000,0x000000c914f00000] [id=4308]
  0x000001e2d5679670 ConcurrentGCThread "G1 Conc#0" [stack: 0x000000c914f00000,0x000000c915000000] [id=4456]
  0x000001e2f61390e0 ConcurrentGCThread "G1 Conc#1" [stack: 0x000000c916700000,0x000000c916800000] [id=11972]
  0x000001e2f3ef24d0 ConcurrentGCThread "G1 Refine#0" [stack: 0x000000c915000000,0x000000c915100000] [id=2248]
  0x000001e2f3ef2ef0 ConcurrentGCThread "G1 Service" [stack: 0x000000c915100000,0x000000c915200000] [id=6640]

Threads with active compile tasks:
C2 CompilerThread0     2768 3276       4       jdk.internal.loader.BuiltinClassLoader::defineClass (121 bytes)
C2 CompilerThread1     2768 3324       4       jdk.internal.loader.ClassLoaders$AppClassLoader::defineOrCheckPackage (8 bytes)

VM state: not at safepoint (normal execution)

VM Mutex/Monitor currently owned by a thread: None

Heap address: 0x0000000700a00000, size: 4086 MB, Compressed Oops mode: Zero based, Oop shift amount: 3

CDS archive(s) not mapped
Compressed class space mapped at: 0x0000000800000000-0x0000000840000000, reserved size: 1073741824
Narrow klass base: 0x0000000800000000, Narrow klass shift: 0, Narrow klass range: 0x40000000

GC Precious Log:
 CPUs: 8 total, 8 available
 Memory: 16343M
 Large Page Support: Disabled
 NUMA Support: Disabled
 Compressed Oops: Enabled (Zero based)
 Heap Region Size: 2M
 Heap Min Capacity: 8M
 Heap Initial Capacity: 256M
 Heap Max Capacity: 4086M
 Pre-touch: Disabled
 Parallel Workers: 8
 Concurrent Workers: 2
 Concurrent Refinement Workers: 8
 Periodic GC: Disabled

Heap:
 garbage-first heap   total 155648K, used 77023K [0x0000000700a00000, 0x0000000800000000)
  region size 2048K, 26 young (53248K), 1 survivors (2048K)
 Metaspace       used 48945K, committed 49280K, reserved 1097728K
  class space    used 5920K, committed 6080K, reserved 1048576K

Heap Regions: E=young(eden), S=young(survivor), O=old, HS=humongous(starts), HC=humongous(continues), CS=collection set, F=free, OA=open archive, CA=closed archive, TAMS=top-at-mark-start (previous, next)
|   0|0x0000000700a00000, 0x0000000700c00000, 0x0000000700c00000|100%|HS|  |TAMS 0x0000000700c00000, 0x0000000700a00000| Complete 
|   1|0x0000000700c00000, 0x0000000700e00000, 0x0000000700e00000|100%|HC|  |TAMS 0x0000000700e00000, 0x0000000700c00000| Complete 
|   2|0x0000000700e00000, 0x0000000701000000, 0x0000000701000000|100%|HS|  |TAMS 0x0000000701000000, 0x0000000700e00000| Complete 
|   3|0x0000000701000000, 0x0000000701200000, 0x0000000701200000|100%|HC|  |TAMS 0x0000000701200000, 0x0000000701000000| Complete 
|   4|0x0000000701200000, 0x0000000701400000, 0x0000000701400000|100%| O|  |TAMS 0x0000000701200000, 0x0000000701200000| Untracked 
|   5|0x0000000701400000, 0x0000000701600000, 0x0000000701600000|100%|HS|  |TAMS 0x0000000701400000, 0x0000000701400000| Complete 
|   6|0x0000000701600000, 0x0000000701800000, 0x0000000701800000|100%| O|  |TAMS 0x0000000701600000, 0x0000000701600000| Untracked 
|   7|0x0000000701800000, 0x0000000701a00000, 0x0000000701a00000|100%| O|  |TAMS 0x0000000701800000, 0x0000000701800000| Untracked 
|   8|0x0000000701a00000, 0x0000000701c00000, 0x0000000701c00000|100%| O|  |TAMS 0x0000000701a00000, 0x0000000701a00000| Untracked 
|   9|0x0000000701c00000, 0x0000000701e00000, 0x0000000701e00000|100%| O|  |TAMS 0x0000000701e00000, 0x0000000701c00000| Untracked 
|  10|0x0000000701e00000, 0x0000000702000000, 0x0000000702000000|100%| O|  |TAMS 0x0000000702000000, 0x0000000701e00000| Untracked 
|  11|0x0000000702000000, 0x0000000702200000, 0x0000000702200000|100%| O|  |TAMS 0x0000000702200000, 0x0000000702000000| Untracked 
|  12|0x0000000702200000, 0x0000000702400000, 0x0000000702400000|100%| O|  |TAMS 0x0000000702400000, 0x0000000702200000| Untracked 
|  13|0x0000000702400000, 0x0000000702478a00, 0x0000000702600000| 23%| O|  |TAMS 0x0000000702400000, 0x0000000702400000| Untracked 
|  14|0x0000000702600000, 0x0000000702600000, 0x0000000702800000|  0%| F|  |TAMS 0x0000000702600000, 0x0000000702600000| Untracked 
|  15|0x0000000702800000, 0x0000000702800000, 0x0000000702a00000|  0%| F|  |TAMS 0x0000000702800000, 0x0000000702800000| Untracked 
|  16|0x0000000702a00000, 0x0000000702a00000, 0x0000000702c00000|  0%| F|  |TAMS 0x0000000702a00000, 0x0000000702a00000| Untracked 
|  17|0x0000000702c00000, 0x0000000702c00000, 0x0000000702e00000|  0%| F|  |TAMS 0x0000000702c00000, 0x0000000702c00000| Untracked 
|  18|0x0000000702e00000, 0x0000000702e00000, 0x0000000703000000|  0%| F|  |TAMS 0x0000000702e00000, 0x0000000702e00000| Untracked 
|  19|0x0000000703000000, 0x0000000703000000, 0x0000000703200000|  0%| F|  |TAMS 0x0000000703000000, 0x0000000703000000| Untracked 
|  20|0x0000000703200000, 0x0000000703200000, 0x0000000703400000|  0%| F|  |TAMS 0x0000000703200000, 0x0000000703200000| Untracked 
|  21|0x0000000703400000, 0x0000000703400000, 0x0000000703600000|  0%| F|  |TAMS 0x0000000703400000, 0x0000000703400000| Untracked 
|  22|0x0000000703600000, 0x0000000703600000, 0x0000000703800000|  0%| F|  |TAMS 0x0000000703600000, 0x0000000703600000| Untracked 
|  23|0x0000000703800000, 0x0000000703800000, 0x0000000703a00000|  0%| F|  |TAMS 0x0000000703800000, 0x0000000703800000| Untracked 
|  24|0x0000000703a00000, 0x0000000703a00000, 0x0000000703c00000|  0%| F|  |TAMS 0x0000000703a00000, 0x0000000703a00000| Untracked 
|  25|0x0000000703c00000, 0x0000000703c00000, 0x0000000703e00000|  0%| F|  |TAMS 0x0000000703c00000, 0x0000000703c00000| Untracked 
|  26|0x0000000703e00000, 0x0000000703e00000, 0x0000000704000000|  0%| F|  |TAMS 0x0000000703e00000, 0x0000000703e00000| Untracked 
|  27|0x0000000704000000, 0x0000000704000000, 0x0000000704200000|  0%| F|  |TAMS 0x0000000704000000, 0x0000000704000000| Untracked 
|  28|0x0000000704200000, 0x0000000704200000, 0x0000000704400000|  0%| F|  |TAMS 0x0000000704200000, 0x0000000704200000| Untracked 
|  29|0x0000000704400000, 0x0000000704400000, 0x0000000704600000|  0%| F|  |TAMS 0x0000000704400000, 0x0000000704400000| Untracked 
|  30|0x0000000704600000, 0x0000000704600000, 0x0000000704800000|  0%| F|  |TAMS 0x0000000704600000, 0x0000000704600000| Untracked 
|  31|0x0000000704800000, 0x0000000704800000, 0x0000000704a00000|  0%| F|  |TAMS 0x0000000704800000, 0x0000000704800000| Untracked 
|  32|0x0000000704a00000, 0x0000000704a00000, 0x0000000704c00000|  0%| F|  |TAMS 0x0000000704a00000, 0x0000000704a00000| Untracked 
|  33|0x0000000704c00000, 0x0000000704c00000, 0x0000000704e00000|  0%| F|  |TAMS 0x0000000704c00000, 0x0000000704c00000| Untracked 
|  34|0x0000000704e00000, 0x0000000704e00000, 0x0000000705000000|  0%| F|  |TAMS 0x0000000704e00000, 0x0000000704e00000| Untracked 
|  35|0x0000000705000000, 0x0000000705000000, 0x0000000705200000|  0%| F|  |TAMS 0x0000000705000000, 0x0000000705000000| Untracked 
|  36|0x0000000705200000, 0x0000000705200000, 0x0000000705400000|  0%| F|  |TAMS 0x0000000705200000, 0x0000000705200000| Untracked 
|  37|0x0000000705400000, 0x0000000705400000, 0x0000000705600000|  0%| F|  |TAMS 0x0000000705400000, 0x0000000705400000| Untracked 
|  38|0x0000000705600000, 0x0000000705600000, 0x0000000705800000|  0%| F|  |TAMS 0x0000000705600000, 0x0000000705600000| Untracked 
|  39|0x0000000705800000, 0x0000000705800000, 0x0000000705a00000|  0%| F|  |TAMS 0x0000000705800000, 0x0000000705800000| Untracked 
|  40|0x0000000705a00000, 0x0000000705a00000, 0x0000000705c00000|  0%| F|  |TAMS 0x0000000705a00000, 0x0000000705a00000| Untracked 
|  41|0x0000000705c00000, 0x0000000705c00000, 0x0000000705e00000|  0%| F|  |TAMS 0x0000000705c00000, 0x0000000705c00000| Untracked 
|  42|0x0000000705e00000, 0x0000000705e00000, 0x0000000706000000|  0%| F|  |TAMS 0x0000000705e00000, 0x0000000705e00000| Untracked 
|  43|0x0000000706000000, 0x0000000706000000, 0x0000000706200000|  0%| F|  |TAMS 0x0000000706000000, 0x0000000706000000| Untracked 
|  44|0x0000000706200000, 0x0000000706200000, 0x0000000706400000|  0%| F|  |TAMS 0x0000000706200000, 0x0000000706200000| Untracked 
|  45|0x0000000706400000, 0x0000000706400000, 0x0000000706600000|  0%| F|  |TAMS 0x0000000706400000, 0x0000000706400000| Untracked 
|  46|0x0000000706600000, 0x0000000706600000, 0x0000000706800000|  0%| F|  |TAMS 0x0000000706600000, 0x0000000706600000| Untracked 
|  47|0x0000000706800000, 0x0000000706800000, 0x0000000706a00000|  0%| F|  |TAMS 0x0000000706800000, 0x0000000706800000| Untracked 
|  48|0x0000000706a00000, 0x0000000706a00000, 0x0000000706c00000|  0%| F|  |TAMS 0x0000000706a00000, 0x0000000706a00000| Untracked 
|  49|0x0000000706c00000, 0x0000000706c00000, 0x0000000706e00000|  0%| F|  |TAMS 0x0000000706c00000, 0x0000000706c00000| Untracked 
|  50|0x0000000706e00000, 0x0000000707000000, 0x0000000707000000|100%| E|  |TAMS 0x0000000706e00000, 0x0000000706e00000| Complete 
|  51|0x0000000707000000, 0x0000000707200000, 0x0000000707200000|100%| E|CS|TAMS 0x0000000707000000, 0x0000000707000000| Complete 
|  52|0x0000000707200000, 0x0000000707400000, 0x0000000707400000|100%| E|CS|TAMS 0x0000000707200000, 0x0000000707200000| Complete 
|  53|0x0000000707400000, 0x0000000707600000, 0x0000000707600000|100%| E|CS|TAMS 0x0000000707400000, 0x0000000707400000| Complete 
|  54|0x0000000707600000, 0x0000000707800000, 0x0000000707800000|100%| E|CS|TAMS 0x0000000707600000, 0x0000000707600000| Complete 
|  55|0x0000000707800000, 0x0000000707a00000, 0x0000000707a00000|100%| E|CS|TAMS 0x0000000707800000, 0x0000000707800000| Complete 
|  56|0x0000000707a00000, 0x0000000707c00000, 0x0000000707c00000|100%| E|CS|TAMS 0x0000000707a00000, 0x0000000707a00000| Complete 
|  57|0x0000000707c00000, 0x0000000707e00000, 0x0000000707e00000|100%| E|CS|TAMS 0x0000000707c00000, 0x0000000707c00000| Complete 
|  58|0x0000000707e00000, 0x0000000708000000, 0x0000000708000000|100%| E|CS|TAMS 0x0000000707e00000, 0x0000000707e00000| Complete 
|  59|0x0000000708000000, 0x0000000708200000, 0x0000000708200000|100%| E|CS|TAMS 0x0000000708000000, 0x0000000708000000| Complete 
|  60|0x0000000708200000, 0x0000000708400000, 0x0000000708400000|100%| E|CS|TAMS 0x0000000708200000, 0x0000000708200000| Complete 
|  61|0x0000000708400000, 0x0000000708600000, 0x0000000708600000|100%| E|CS|TAMS 0x0000000708400000, 0x0000000708400000| Complete 
|  62|0x0000000708600000, 0x0000000708800000, 0x0000000708800000|100%| E|CS|TAMS 0x0000000708600000, 0x0000000708600000| Complete 
|  63|0x0000000708800000, 0x0000000708a00000, 0x0000000708a00000|100%| E|CS|TAMS 0x0000000708800000, 0x0000000708800000| Complete 
|  64|0x0000000708a00000, 0x0000000708c00000, 0x0000000708c00000|100%| E|CS|TAMS 0x0000000708a00000, 0x0000000708a00000| Complete 
|  65|0x0000000708c00000, 0x0000000708e00000, 0x0000000708e00000|100%| E|CS|TAMS 0x0000000708c00000, 0x0000000708c00000| Complete 
|  66|0x0000000708e00000, 0x0000000709000000, 0x0000000709000000|100%| E|CS|TAMS 0x0000000708e00000, 0x0000000708e00000| Complete 
|  67|0x0000000709000000, 0x0000000709200000, 0x0000000709200000|100%| E|CS|TAMS 0x0000000709000000, 0x0000000709000000| Complete 
|  68|0x0000000709200000, 0x0000000709400000, 0x0000000709400000|100%| E|CS|TAMS 0x0000000709200000, 0x0000000709200000| Complete 
|  69|0x0000000709400000, 0x0000000709600000, 0x0000000709600000|100%| E|CS|TAMS 0x0000000709400000, 0x0000000709400000| Complete 
|  70|0x0000000709600000, 0x0000000709800000, 0x0000000709800000|100%| E|CS|TAMS 0x0000000709600000, 0x0000000709600000| Complete 
| 123|0x0000000710000000, 0x0000000710200000, 0x0000000710200000|100%| E|CS|TAMS 0x0000000710000000, 0x0000000710000000| Complete 
| 124|0x0000000710200000, 0x0000000710400000, 0x0000000710400000|100%| E|CS|TAMS 0x0000000710200000, 0x0000000710200000| Complete 
| 125|0x0000000710400000, 0x0000000710600000, 0x0000000710600000|100%| E|CS|TAMS 0x0000000710400000, 0x0000000710400000| Complete 
| 126|0x0000000710600000, 0x00000007106bf300, 0x0000000710800000| 37%| S|CS|TAMS 0x0000000710600000, 0x0000000710600000| Complete 
| 127|0x0000000710800000, 0x0000000710a00000, 0x0000000710a00000|100%| E|CS|TAMS 0x0000000710800000, 0x0000000710800000| Complete 

Card table byte_map: [0x000001e2e8600000,0x000001e2e8e00000] _byte_map_base: 0x000001e2e4dfb000

Marking Bits (Prev, Next): (CMBitMap*) 0x000001e2d5667c40, (CMBitMap*) 0x000001e2d5667c80
 Prev Bits: [0x000001e2e9600000, 0x000001e2ed5d8000)
 Next Bits: [0x000001e2ed5e0000, 0x000001e2f15b8000)

Polling page: 0x000001e2d3520000

Metaspace:

Usage:
  Non-class:     42.02 MB used.
      Class:      5.78 MB used.
       Both:     47.80 MB used.

Virtual space:
  Non-class space:       48.00 MB reserved,      42.19 MB ( 88%) committed,  6 nodes.
      Class space:        1.00 GB reserved,       5.94 MB ( <1%) committed,  1 nodes.
             Both:        1.05 GB reserved,      48.12 MB (  4%) committed. 

Chunk freelists:
   Non-Class:  1.86 MB
       Class:  2.05 MB
        Both:  3.91 MB

MaxMetaspaceSize: unlimited
CompressedClassSpaceSize: 1.00 GB
Initial GC threshold: 21.00 MB
Current GC threshold: 58.88 MB
CDS: off
MetaspaceReclaimPolicy: balanced
 - commit_granule_bytes: 65536.
 - commit_granule_words: 8192.
 - virtual_space_node_default_size: 1048576.
 - enlarge_chunks_in_place: 1.
 - new_chunks_are_fully_committed: 0.
 - uncommit_free_chunks: 1.
 - use_allocation_guard: 0.
 - handle_deallocations: 1.


Internal statistics:

num_allocs_failed_limit: 6.
num_arena_births: 204.
num_arena_deaths: 0.
num_vsnodes_births: 7.
num_vsnodes_deaths: 0.
num_space_committed: 769.
num_space_uncommitted: 0.
num_chunks_returned_to_freelist: 6.
num_chunks_taken_from_freelist: 1573.
num_chunk_merges: 6.
num_chunk_splits: 1280.
num_chunks_enlarged: 1140.
num_purges: 0.
num_inconsistent_stats: 0.

CodeHeap 'non-profiled nmethods': size=120000Kb used=1598Kb max_used=1598Kb free=118401Kb
 bounds [0x000001e2e05a0000, 0x000001e2e0810000, 0x000001e2e7ad0000]
CodeHeap 'profiled nmethods': size=120000Kb used=6886Kb max_used=6886Kb free=113113Kb
 bounds [0x000001e2d8ad0000, 0x000001e2d9190000, 0x000001e2e0000000]
CodeHeap 'non-nmethods': size=5760Kb used=1280Kb max_used=1339Kb free=4479Kb
 bounds [0x000001e2e0000000, 0x000001e2e0270000, 0x000001e2e05a0000]
 total_blobs=4063 nmethods=3467 adapters=507
 compilation: enabled
              stopped_count=0, restarted_count=0
 full_count=0

Compilation events (20 events):
Event: 2.740 Thread 0x000001e2f951bca0 3396       4       org.jetbrains.kotlin.protobuf.CodedInputStream::isAtEnd (25 bytes)
Event: 2.740 Thread 0x000001e2f4ca28f0 nmethod 3431 0x000001e2d9174210 code [0x000001e2d91744e0, 0x000001e2d9175198]
Event: 2.741 Thread 0x000001e2f4ca28f0 3432       3       org.jetbrains.kotlin.com.intellij.openapi.application.ApplicationManager::getApplication (4 bytes)
Event: 2.741 Thread 0x000001e2f4ca28f0 nmethod 3432 0x000001e2d9175690 code [0x000001e2d9175820, 0x000001e2d9175918]
Event: 2.742 Thread 0x000001e2f951bca0 nmethod 3396 0x000001e2e072b690 code [0x000001e2e072b820, 0x000001e2e072ba68]
Event: 2.742 Thread 0x000001e2f951bca0 3433       4       org.jetbrains.kotlin.com.intellij.openapi.util.text.StringUtilRt::equal (120 bytes)
Event: 2.743 Thread 0x000001e2f4ca28f0 3434       3       org.jetbrains.org.objectweb.asm.ClassReader::readElementValues (88 bytes)
Event: 2.743 Thread 0x000001e2f4ca28f0 nmethod 3434 0x000001e2d9175990 code [0x000001e2d9175ba0, 0x000001e2d91761d8]
Event: 2.745 Thread 0x000001e2f4ca28f0 3435       3       org.jetbrains.kotlin.com.intellij.mock.MockComponentManager::getService (25 bytes)
Event: 2.745 Thread 0x000001e2f4ca28f0 nmethod 3435 0x000001e2d9176490 code [0x000001e2d9176640, 0x000001e2d91768c8]
Event: 2.745 Thread 0x000001e2f4ca28f0 3436       3       org.jetbrains.kotlin.com.intellij.util.pico.DefaultPicoContainer::getService (40 bytes)
Event: 2.745 Thread 0x000001e2f4ca28f0 nmethod 3436 0x000001e2d9176a10 code [0x000001e2d9176c00, 0x000001e2d91771b8]
Event: 2.745 Thread 0x000001e2f4ca28f0 3437       3       org.jetbrains.kotlin.com.intellij.util.containers.FastUtilCaseInsensitiveStringHashingStrategy::hashCode (9 bytes)
Event: 2.746 Thread 0x000001e2f4ca28f0 nmethod 3437 0x000001e2d9177390 code [0x000001e2d91775c0, 0x000001e2d9177d28]
Event: 2.746 Thread 0x000001e2f4ca28f0 3439       3       jdk.internal.misc.Unsafe::checkNativeAddress (28 bytes)
Event: 2.746 Thread 0x000001e2f951bca0 nmethod 3433 0x000001e2e072bc90 code [0x000001e2e072be40, 0x000001e2e072c1d8]
Event: 2.746 Thread 0x000001e2f951bca0 3348       4       org.jetbrains.org.objectweb.asm.ClassReader::readInt (52 bytes)
Event: 2.746 Thread 0x000001e2f4ca28f0 nmethod 3439 0x000001e2d9177f90 code [0x000001e2d9178120, 0x000001e2d9178238]
Event: 2.746 Thread 0x000001e2f4ca28f0 3438       3       org.jetbrains.kotlin.com.intellij.util.containers.FastUtilCaseInsensitiveStringHashingStrategy::hashCode (13 bytes)
Event: 2.746 Thread 0x000001e2f4ca28f0 nmethod 3438 0x000001e2d9178310 code [0x000001e2d9178540, 0x000001e2d9178b48]

GC Heap History (18 events):
Event: 0.386 GC heap before
{Heap before GC invocations=0 (full 0):
 garbage-first heap   total 262144K, used 24576K [0x0000000700a00000, 0x0000000800000000)
  region size 2048K, 11 young (22528K), 0 survivors (0K)
 Metaspace       used 12879K, committed 12992K, reserved 1064960K
  class space    used 1226K, committed 1280K, reserved 1048576K
}
Event: 0.388 GC heap after
{Heap after GC invocations=1 (full 0):
 garbage-first heap   total 262144K, used 6741K [0x0000000700a00000, 0x0000000800000000)
  region size 2048K, 2 young (4096K), 2 survivors (4096K)
 Metaspace       used 12879K, committed 12992K, reserved 1064960K
  class space    used 1226K, committed 1280K, reserved 1048576K
}
Event: 0.788 GC heap before
{Heap before GC invocations=1 (full 0):
 garbage-first heap   total 262144K, used 39509K [0x0000000700a00000, 0x0000000800000000)
  region size 2048K, 18 young (36864K), 2 survivors (4096K)
 Metaspace       used 21030K, committed 21312K, reserved 1073152K
  class space    used 2296K, committed 2432K, reserved 1048576K
}
Event: 0.792 GC heap after
{Heap after GC invocations=2 (full 0):
 garbage-first heap   total 262144K, used 10240K [0x0000000700a00000, 0x0000000800000000)
  region size 2048K, 3 young (6144K), 3 survivors (6144K)
 Metaspace       used 21030K, committed 21312K, reserved 1073152K
  class space    used 2296K, committed 2432K, reserved 1048576K
}
Event: 0.801 GC heap before
{Heap before GC invocations=2 (full 0):
 garbage-first heap   total 262144K, used 10240K [0x0000000700a00000, 0x0000000800000000)
  region size 2048K, 4 young (8192K), 3 survivors (6144K)
 Metaspace       used 21297K, committed 21504K, reserved 1073152K
  class space    used 2326K, committed 2432K, reserved 1048576K
}
Event: 0.804 GC heap after
{Heap after GC invocations=3 (full 0):
 garbage-first heap   total 262144K, used 10668K [0x0000000700a00000, 0x0000000800000000)
  region size 2048K, 4 young (8192K), 4 survivors (8192K)
 Metaspace       used 21297K, committed 21504K, reserved 1073152K
  class space    used 2326K, committed 2432K, reserved 1048576K
}
Event: 1.096 GC heap before
{Heap before GC invocations=4 (full 0):
 garbage-first heap   total 49152K, used 35244K [0x0000000700a00000, 0x0000000800000000)
  region size 2048K, 15 young (30720K), 4 survivors (8192K)
 Metaspace       used 27921K, committed 28160K, reserved 1081344K
  class space    used 3081K, committed 3200K, reserved 1048576K
}
Event: 1.103 GC heap after
{Heap after GC invocations=5 (full 0):
 garbage-first heap   total 49152K, used 16639K [0x0000000700a00000, 0x0000000800000000)
  region size 2048K, 5 young (10240K), 5 survivors (10240K)
 Metaspace       used 27921K, committed 28160K, reserved 1081344K
  class space    used 3081K, committed 3200K, reserved 1048576K
}
Event: 1.328 GC heap before
{Heap before GC invocations=5 (full 0):
 garbage-first heap   total 49152K, used 28927K [0x0000000700a00000, 0x0000000800000000)
  region size 2048K, 12 young (24576K), 5 survivors (10240K)
 Metaspace       used 31468K, committed 31680K, reserved 1081344K
  class space    used 3828K, committed 3904K, reserved 1048576K
}
Event: 1.337 GC heap after
{Heap after GC invocations=6 (full 0):
 garbage-first heap   total 49152K, used 18561K [0x0000000700a00000, 0x0000000800000000)
  region size 2048K, 2 young (4096K), 2 survivors (4096K)
 Metaspace       used 31468K, committed 31680K, reserved 1081344K
  class space    used 3828K, committed 3904K, reserved 1048576K
}
Event: 1.564 GC heap before
{Heap before GC invocations=6 (full 0):
 garbage-first heap   total 49152K, used 34945K [0x0000000700a00000, 0x0000000800000000)
  region size 2048K, 10 young (20480K), 2 survivors (4096K)
 Metaspace       used 33246K, committed 33472K, reserved 1081344K
  class space    used 4245K, committed 4352K, reserved 1048576K
}
Event: 1.574 GC heap after
{Heap after GC invocations=7 (full 0):
 garbage-first heap   total 49152K, used 24033K [0x0000000700a00000, 0x0000000800000000)
  region size 2048K, 2 young (4096K), 2 survivors (4096K)
 Metaspace       used 33246K, committed 33472K, reserved 1081344K
  class space    used 4245K, committed 4352K, reserved 1048576K
}
Event: 1.810 GC heap before
{Heap before GC invocations=7 (full 0):
 garbage-first heap   total 49152K, used 32225K [0x0000000700a00000, 0x0000000800000000)
  region size 2048K, 7 young (14336K), 2 survivors (4096K)
 Metaspace       used 35801K, committed 35968K, reserved 1081344K
  class space    used 4521K, committed 4608K, reserved 1048576K
}
Event: 1.820 GC heap after
{Heap after GC invocations=8 (full 0):
 garbage-first heap   total 49152K, used 26058K [0x0000000700a00000, 0x0000000800000000)
  region size 2048K, 1 young (2048K), 1 survivors (2048K)
 Metaspace       used 35801K, committed 35968K, reserved 1081344K
  class space    used 4521K, committed 4608K, reserved 1048576K
}
Event: 1.949 GC heap before
{Heap before GC invocations=9 (full 0):
 garbage-first heap   total 49152K, used 34250K [0x0000000700a00000, 0x0000000800000000)
  region size 2048K, 6 young (12288K), 1 survivors (2048K)
 Metaspace       used 37212K, committed 37440K, reserved 1089536K
  class space    used 4700K, committed 4800K, reserved 1048576K
}
Event: 1.952 GC heap after
{Heap after GC invocations=10 (full 0):
 garbage-first heap   total 49152K, used 25348K [0x0000000700a00000, 0x0000000800000000)
  region size 2048K, 1 young (2048K), 1 survivors (2048K)
 Metaspace       used 37212K, committed 37440K, reserved 1089536K
  class space    used 4700K, committed 4800K, reserved 1048576K
}
Event: 1.990 GC heap before
{Heap before GC invocations=10 (full 0):
 garbage-first heap   total 49152K, used 27396K [0x0000000700a00000, 0x0000000800000000)
  region size 2048K, 2 young (4096K), 1 survivors (2048K)
 Metaspace       used 37529K, committed 37760K, reserved 1089536K
  class space    used 4735K, committed 4800K, reserved 1048576K
}
Event: 1.997 GC heap after
{Heap after GC invocations=11 (full 0):
 garbage-first heap   total 155648K, used 25823K [0x0000000700a00000, 0x0000000800000000)
  region size 2048K, 1 young (2048K), 1 survivors (2048K)
 Metaspace       used 37529K, committed 37760K, reserved 1089536K
  class space    used 4735K, committed 4800K, reserved 1048576K
}

Dll operation events (2 events):
Event: 0.005 Loaded shared library C:\Program Files\Android\Android Studio\jbr\bin\java.dll
Event: 0.684 Loaded shared library C:\Program Files\Android\Android Studio\jbr\bin\verify.dll

Deoptimization events (20 events):
Event: 2.481 Thread 0x000001e2d55f90a0 DEOPT PACKING pc=0x000001e2e06fc7e8 sp=0x000000c914cfb630
Event: 2.481 Thread 0x000001e2d55f90a0 DEOPT UNPACKING pc=0x000001e2e00569a3 sp=0x000000c914cfb5e8 mode 2
Event: 2.668 Thread 0x000001e2d55f90a0 Uncommon trap: trap_request=0xffffffc6 fr.pc=0x000001e2e06c51f4 relative=0x0000000000000614
Event: 2.668 Thread 0x000001e2d55f90a0 Uncommon trap: reason=bimorphic_or_optimized_type_check action=maybe_recompile pc=0x000001e2e06c51f4 method=org.jetbrains.kotlin.protobuf.CodedInputStream.tryRefillBuffer(I)Z @ 177 c2
Event: 2.668 Thread 0x000001e2d55f90a0 DEOPT PACKING pc=0x000001e2e06c51f4 sp=0x000000c914cfb9b0
Event: 2.668 Thread 0x000001e2d55f90a0 DEOPT UNPACKING pc=0x000001e2e00569a3 sp=0x000000c914cfb898 mode 2
Event: 2.671 Thread 0x000001e2d55f90a0 Uncommon trap: trap_request=0xffffffc6 fr.pc=0x000001e2e06c51f4 relative=0x0000000000000614
Event: 2.671 Thread 0x000001e2d55f90a0 Uncommon trap: reason=bimorphic_or_optimized_type_check action=maybe_recompile pc=0x000001e2e06c51f4 method=org.jetbrains.kotlin.protobuf.CodedInputStream.tryRefillBuffer(I)Z @ 177 c2
Event: 2.671 Thread 0x000001e2d55f90a0 DEOPT PACKING pc=0x000001e2e06c51f4 sp=0x000000c914cfb9b0
Event: 2.671 Thread 0x000001e2d55f90a0 DEOPT UNPACKING pc=0x000001e2e00569a3 sp=0x000000c914cfb898 mode 2
Event: 2.671 Thread 0x000001e2d55f90a0 Uncommon trap: trap_request=0xffffffc6 fr.pc=0x000001e2e06c51f4 relative=0x0000000000000614
Event: 2.671 Thread 0x000001e2d55f90a0 Uncommon trap: reason=bimorphic_or_optimized_type_check action=maybe_recompile pc=0x000001e2e06c51f4 method=org.jetbrains.kotlin.protobuf.CodedInputStream.tryRefillBuffer(I)Z @ 177 c2
Event: 2.671 Thread 0x000001e2d55f90a0 DEOPT PACKING pc=0x000001e2e06c51f4 sp=0x000000c914cfb880
Event: 2.671 Thread 0x000001e2d55f90a0 DEOPT UNPACKING pc=0x000001e2e00569a3 sp=0x000000c914cfb760 mode 2
Event: 2.673 Thread 0x000001e2d55f90a0 Uncommon trap: trap_request=0xffffffc6 fr.pc=0x000001e2e06c51f4 relative=0x0000000000000614
Event: 2.673 Thread 0x000001e2d55f90a0 Uncommon trap: reason=bimorphic_or_optimized_type_check action=maybe_recompile pc=0x000001e2e06c51f4 method=org.jetbrains.kotlin.protobuf.CodedInputStream.tryRefillBuffer(I)Z @ 177 c2
Event: 2.673 Thread 0x000001e2d55f90a0 DEOPT PACKING pc=0x000001e2e06c51f4 sp=0x000000c914cfb880
Event: 2.673 Thread 0x000001e2d55f90a0 DEOPT UNPACKING pc=0x000001e2e00569a3 sp=0x000000c914cfb760 mode 2
Event: 2.720 Thread 0x000001e2d55f90a0 DEOPT PACKING pc=0x000001e2d90475e5 sp=0x000000c914cfa0b0
Event: 2.720 Thread 0x000001e2d55f90a0 DEOPT UNPACKING pc=0x000001e2e0057143 sp=0x000000c914cf9528 mode 0

Classes unloaded (0 events):
No events

Classes redefined (0 events):
No events

Internal exceptions (20 events):
Event: 0.772 Thread 0x000001e2d55f90a0 Exception <a 'java/lang/NoSuchMethodError'{0x000000070e66f898}: 'java.lang.Object java.lang.invoke.DirectMethodHandle$Holder.invokeStaticInit(java.lang.Object, int)'> (0x000000070e66f898) 
thrown [s\src\hotspot\share\interpreter\linkResolver.cpp, line 771]
Event: 0.777 Thread 0x000001e2d55f90a0 Exception <a 'java/lang/NoSuchMethodError'{0x000000070e6f06d8}: 'void java.lang.invoke.DirectMethodHandle$Holder.invokeStatic(java.lang.Object, java.lang.Object)'> (0x000000070e6f06d8) 
thrown [s\src\hotspot\share\interpreter\linkResolver.cpp, line 771]
Event: 0.794 Thread 0x000001e2d55f90a0 Exception <a 'java/lang/NoSuchMethodError'{0x0000000710829038}: 'long java.lang.invoke.DirectMethodHandle$Holder.invokeStatic(java.lang.Object)'> (0x0000000710829038) 
thrown [s\src\hotspot\share\interpreter\linkResolver.cpp, line 771]
Event: 0.794 Thread 0x000001e2d55f90a0 Exception <a 'java/lang/NoSuchMethodError'{0x000000071082c790}: 'long java.lang.invoke.DirectMethodHandle$Holder.invokeStaticInit(java.lang.Object)'> (0x000000071082c790) 
thrown [s\src\hotspot\share\interpreter\linkResolver.cpp, line 771]
Event: 0.839 Thread 0x000001e2d55f90a0 Exception <a 'java/lang/NoSuchMethodError'{0x0000000702c3b8f0}: 'int java.lang.invoke.DirectMethodHandle$Holder.invokeStaticInit(java.lang.Object, java.lang.Object, java.lang.Object)'> (0x0000000702c3b8f0) 
thrown [s\src\hotspot\share\interpreter\linkResolver.cpp, line 771]
Event: 0.842 Thread 0x000001e2d55f90a0 Exception <a 'java/lang/NoSuchMethodError'{0x0000000702c63028}: 'int java.lang.invoke.DirectMethodHandle$Holder.invokeStaticInit(java.lang.Object, java.lang.Object)'> (0x0000000702c63028) 
thrown [s\src\hotspot\share\interpreter\linkResolver.cpp, line 771]
Event: 0.851 Thread 0x000001e2d55f90a0 Exception <a 'java/lang/NoSuchMethodError'{0x0000000702d3ce90}: 'void java.lang.invoke.DirectMethodHandle$Holder.invokeSpecial(java.lang.Object, java.lang.Object, java.lang.Object)'> (0x0000000702d3ce90) 
thrown [s\src\hotspot\share\interpreter\linkResolver.cpp, line 771]
Event: 1.036 Thread 0x000001e2d55f90a0 Exception <a 'java/lang/NoSuchMethodError'{0x00000007020f3540}: 'void java.lang.invoke.DirectMethodHandle$Holder.invokeStatic(java.lang.Object, java.lang.Object, java.lang.Object, java.lang.Object)'> (0x00000007020f3540) 
thrown [s\src\hotspot\share\interpreter\linkResolver.cpp, line 771]
Event: 1.078 Thread 0x000001e2d55f90a0 Exception <a 'java/lang/NoSuchMethodError'{0x0000000701c9c208}: 'void java.lang.invoke.DirectMethodHandle$Holder.invokeStaticInit(java.lang.Object, java.lang.Object)'> (0x0000000701c9c208) 
thrown [s\src\hotspot\share\interpreter\linkResolver.cpp, line 771]
Event: 1.148 Thread 0x000001e2d55f90a0 Exception <a 'java/lang/NoSuchMethodError'{0x0000000710799280}: 'void java.lang.invoke.DirectMethodHandle$Holder.invokeVirtual(java.lang.Object, java.lang.Object)'> (0x0000000710799280) 
thrown [s\src\hotspot\share\interpreter\linkResolver.cpp, line 771]
Event: 1.152 Thread 0x000001e2d55f90a0 Exception <a 'java/lang/NoSuchMethodError'{0x00000007107e9f30}: 'int java.lang.invoke.DirectMethodHandle$Holder.invokeVirtual(java.lang.Object, java.lang.Object)'> (0x00000007107e9f30) 
thrown [s\src\hotspot\share\interpreter\linkResolver.cpp, line 771]
Event: 1.162 Thread 0x000001e2d55f90a0 Exception <a 'java/lang/NoSuchMethodError'{0x0000000710498d18}: 'java.lang.Object java.lang.invoke.Invokers$Holder.invokeExact_MT(java.lang.Object, java.lang.Object, java.lang.Object, java.lang.Object, java.lang.Object, java.lang.Object)'> (0x0000000710498d18) 
thrown [s\src\hotspot\share\interpreter\linkResolver.cpp, line 771]
Event: 1.868 Thread 0x000001e2d55f90a0 Exception <a 'java/lang/NoSuchMethodError'{0x0000000710738c08}: 'java.lang.Object java.lang.invoke.DirectMethodHandle$Holder.invokeVirtual(java.lang.Object, java.lang.Object, java.lang.Object)'> (0x0000000710738c08) 
thrown [s\src\hotspot\share\interpreter\linkResolver.cpp, line 771]
Event: 2.439 Thread 0x000001e2d55f90a0 Exception <a 'java/lang/NoSuchMethodError'{0x00000007080eff38}: 'java.lang.Object java.lang.invoke.DirectMethodHandle$Holder.newInvokeSpecial(java.lang.Object, java.lang.Object, int)'> (0x00000007080eff38) 
thrown [s\src\hotspot\share\interpreter\linkResolver.cpp, line 771]
Event: 2.470 Thread 0x000001e2d55f90a0 Exception <a 'java/lang/NoSuchMethodError'{0x0000000707e55410}: 'java.lang.Object java.lang.invoke.DirectMethodHandle$Holder.invokeInterface(java.lang.Object, java.lang.Object)'> (0x0000000707e55410) 
thrown [s\src\hotspot\share\interpreter\linkResolver.cpp, line 771]
Event: 2.477 Thread 0x000001e2d55f90a0 Implicit null exception at 0x000001e2e06f93d0 to 0x000001e2e06f94ac
Event: 2.481 Thread 0x000001e2d55f90a0 Implicit null exception at 0x000001e2e06fc6cc to 0x000001e2e06fc7d4
Event: 2.511 Thread 0x000001e2d55f90a0 Exception <a 'java/lang/NoSuchMethodError'{0x0000000707c6c0f0}: 'java.lang.Object java.lang.invoke.DirectMethodHandle$Holder.newInvokeSpecial(java.lang.Object, java.lang.Object, java.lang.Object, int)'> (0x0000000707c6c0f0) 
thrown [s\src\hotspot\share\interpreter\linkResolver.cpp, line 771]
Event: 2.511 Thread 0x000001e2d55f90a0 Exception <a 'java/lang/NoSuchMethodError'{0x0000000707c70778}: 'java.lang.Object java.lang.invoke.DirectMethodHandle$Holder.invokeSpecial(java.lang.Object, java.lang.Object, java.lang.Object, java.lang.Object, int)'> (0x0000000707c70778) 
thrown [s\src\hotspot\share\interpreter\linkResolver.cpp, line 771]
Event: 2.511 Thread 0x000001e2d55f90a0 Exception <a 'java/lang/NoSuchMethodError'{0x0000000707c745e8}: 'java.lang.Object java.lang.invoke.Invokers$Holder.linkToTargetMethod(java.lang.Object, java.lang.Object, int, java.lang.Object)'> (0x0000000707c745e8) 
thrown [s\src\hotspot\share\interpreter\linkResolver.cpp, line 771]

VM Operations (20 events):
Event: 1.841 Executing VM operation: G1Concurrent
Event: 1.841 Executing VM operation: G1Concurrent done
Event: 1.949 Executing VM operation: G1CollectForAllocation
Event: 1.952 Executing VM operation: G1CollectForAllocation done
Event: 1.990 Executing VM operation: G1CollectForAllocation
Event: 1.997 Executing VM operation: G1CollectForAllocation done
Event: 2.123 Executing VM operation: HandshakeAllThreads
Event: 2.123 Executing VM operation: HandshakeAllThreads done
Event: 2.473 Executing VM operation: HandshakeAllThreads
Event: 2.473 Executing VM operation: HandshakeAllThreads done
Event: 2.499 Executing VM operation: HandshakeAllThreads
Event: 2.499 Executing VM operation: HandshakeAllThreads done
Event: 2.509 Executing VM operation: HandshakeAllThreads
Event: 2.509 Executing VM operation: HandshakeAllThreads done
Event: 2.553 Executing VM operation: HandshakeAllThreads
Event: 2.553 Executing VM operation: HandshakeAllThreads done
Event: 2.572 Executing VM operation: ICBufferFull
Event: 2.572 Executing VM operation: ICBufferFull done
Event: 2.667 Executing VM operation: HandshakeAllThreads
Event: 2.667 Executing VM operation: HandshakeAllThreads done

Events (20 events):
Event: 2.416 loading class java/util/PrimitiveIterator
Event: 2.416 loading class java/util/PrimitiveIterator done
Event: 2.416 loading class java/util/PrimitiveIterator$OfInt done
Event: 2.432 loading class java/util/AbstractMap$SimpleImmutableEntry
Event: 2.432 loading class java/util/AbstractMap$SimpleImmutableEntry done
Event: 2.439 loading class java/util/function/IntUnaryOperator
Event: 2.439 loading class java/util/function/IntUnaryOperator done
Event: 2.498 loading class java/util/ArrayList$ListItr
Event: 2.498 loading class java/util/ArrayList$ListItr done
Event: 2.553 loading class java/util/AbstractList$SubList$1
Event: 2.553 loading class java/util/AbstractList$SubList$1 done
Event: 2.553 loading class java/util/AbstractList$ListItr
Event: 2.553 loading class java/util/AbstractList$ListItr done
Event: 2.593 loading class java/text/StringCharacterIterator
Event: 2.593 loading class java/text/CharacterIterator
Event: 2.593 loading class java/text/CharacterIterator done
Event: 2.593 loading class java/text/StringCharacterIterator done
Event: 2.711 loading class java/util/Collections$SingletonMap
Event: 2.711 loading class java/util/Collections$SingletonMap done
Event: 2.715 Thread 0x000001e2f951bca0 Thread added: 0x000001e2f951bca0


Dynamic libraries:
0x00007ff79ed90000 - 0x00007ff79ed9a000 	C:\Program Files\Android\Android Studio\jbr\bin\java.exe
0x00007ffa2e330000 - 0x00007ffa2e527000 	C:\Windows\SYSTEM32\ntdll.dll
0x00007ffa2c860000 - 0x00007ffa2c91d000 	C:\Windows\System32\KERNEL32.DLL
0x00007ffa2bd80000 - 0x00007ffa2c076000 	C:\Windows\System32\KERNELBASE.dll
0x00007ffa2c080000 - 0x00007ffa2c180000 	C:\Windows\System32\ucrtbase.dll
0x00007ff9fedb0000 - 0x00007ff9fedc7000 	C:\Program Files\Android\Android Studio\jbr\bin\jli.dll
0x00007ff9fb820000 - 0x00007ff9fb83b000 	C:\Program Files\Android\Android Studio\jbr\bin\VCRUNTIME140.dll
0x00007ffa2cb30000 - 0x00007ffa2ccce000 	C:\Windows\System32\USER32.dll
0x00007ffa2ba80000 - 0x00007ffa2baa2000 	C:\Windows\System32\win32u.dll
0x00007ffa1ff10000 - 0x00007ffa201aa000 	C:\Windows\WinSxS\amd64_microsoft.windows.common-controls_6595b64144ccf1df_6.0.19041.3570_none_60bb2a3971f3e41a\COMCTL32.dll
0x00007ffa2d3b0000 - 0x00007ffa2d3dc000 	C:\Windows\System32\GDI32.dll
0x00007ffa2c9f0000 - 0x00007ffa2ca8e000 	C:\Windows\System32\msvcrt.dll
0x00007ffa2bc30000 - 0x00007ffa2bd4a000 	C:\Windows\System32\gdi32full.dll
0x00007ffa2bb00000 - 0x00007ffa2bb9d000 	C:\Windows\System32\msvcp_win.dll
0x00007ffa2d560000 - 0x00007ffa2d590000 	C:\Windows\System32\IMM32.DLL
0x00007ffa07e80000 - 0x00007ffa07e8c000 	C:\Program Files\Android\Android Studio\jbr\bin\vcruntime140_1.dll
0x00007ff9e20f0000 - 0x00007ff9e217d000 	C:\Program Files\Android\Android Studio\jbr\bin\msvcp140.dll
0x00007ff9cc2d0000 - 0x00007ff9ccf3e000 	C:\Program Files\Android\Android Studio\jbr\bin\server\jvm.dll
0x00007ffa2daf0000 - 0x00007ffa2db9e000 	C:\Windows\System32\ADVAPI32.dll
0x00007ffa2ca90000 - 0x00007ffa2cb2c000 	C:\Windows\System32\sechost.dll
0x00007ffa2d220000 - 0x00007ffa2d346000 	C:\Windows\System32\RPCRT4.dll
0x00007ffa22920000 - 0x00007ffa22929000 	C:\Windows\SYSTEM32\WSOCK32.dll
0x00007ffa220d0000 - 0x00007ffa220f7000 	C:\Windows\SYSTEM32\WINMM.dll
0x00007ffa2d8f0000 - 0x00007ffa2d95b000 	C:\Windows\System32\WS2_32.dll
0x00007ffa24800000 - 0x00007ffa2480a000 	C:\Windows\SYSTEM32\VERSION.dll
0x00007ffa298d0000 - 0x00007ffa298e2000 	C:\Windows\SYSTEM32\kernel.appcore.dll
0x00007ffa14810000 - 0x00007ffa1481a000 	C:\Program Files\Android\Android Studio\jbr\bin\jimage.dll
0x00007ffa203a0000 - 0x00007ffa20584000 	C:\Windows\SYSTEM32\DBGHELP.DLL
0x00007ffa12e90000 - 0x00007ffa12ec4000 	C:\Windows\SYSTEM32\dbgcore.DLL
0x00007ffa2bba0000 - 0x00007ffa2bc22000 	C:\Windows\System32\bcryptPrimitives.dll
0x00007ffa08140000 - 0x00007ffa08165000 	C:\Program Files\Android\Android Studio\jbr\bin\java.dll
0x00007ffa058b0000 - 0x00007ffa058c8000 	C:\Program Files\Android\Android Studio\jbr\bin\zip.dll
0x00007ffa2dba0000 - 0x00007ffa2e2e4000 	C:\Windows\System32\SHELL32.dll
0x00007ffa29ad0000 - 0x00007ffa2a26b000 	C:\Windows\SYSTEM32\windows.storage.dll
0x00007ffa2d590000 - 0x00007ffa2d8e4000 	C:\Windows\System32\combase.dll
0x00007ffa2b3e0000 - 0x00007ffa2b40d000 	C:\Windows\SYSTEM32\Wldp.dll
0x00007ffa2da40000 - 0x00007ffa2daed000 	C:\Windows\System32\SHCORE.dll
0x00007ffa2c990000 - 0x00007ffa2c9e5000 	C:\Windows\System32\shlwapi.dll
0x00007ffa2b940000 - 0x00007ffa2b965000 	C:\Windows\SYSTEM32\profapi.dll
0x00007ffa05780000 - 0x00007ffa05799000 	C:\Program Files\Android\Android Studio\jbr\bin\net.dll
0x00007ffa244b0000 - 0x00007ffa245ba000 	C:\Windows\SYSTEM32\WINHTTP.dll
0x00007ffa2b0e0000 - 0x00007ffa2b14a000 	C:\Windows\system32\mswsock.dll
0x00007ff9ff150000 - 0x00007ff9ff166000 	C:\Program Files\Android\Android Studio\jbr\bin\nio.dll
0x00007ffa12fd0000 - 0x00007ffa12fe0000 	C:\Program Files\Android\Android Studio\jbr\bin\verify.dll

dbghelp: loaded successfully - version: 4.0.5 - missing functions: none
symbol engine: initialized successfully - sym options: 0x614 - pdb path: .;C:\Program Files\Android\Android Studio\jbr\bin;C:\Windows\SYSTEM32;C:\Windows\WinSxS\amd64_microsoft.windows.common-controls_6595b64144ccf1df_6.0.19041.3570_none_60bb2a3971f3e41a;C:\Program Files\Android\Android Studio\jbr\bin\server

VM Arguments:
java_command: org.jetbrains.kotlin.cli.jvm.K2JVMCompiler @C:\Users\Luke\Desktop\Studium\Mobile Computing\Calculator\app\build\20231014_15958760843624417727.compiler.options
java_class_path (initial): C:\Users\Luke\.gradle\caches\modules-2\files-2.1\org.jetbrains.kotlin\kotlin-compiler-embeddable\1.8.10\b0757fd774344d54ce93f5ad6c30ba1c1731c8ff\kotlin-compiler-embeddable-1.8.10.jar;C:\Users\Luke\.gradle\caches\modules-2\files-2.1\org.jetbrains.kotlin\kotlin-stdlib\1.8.10\6d5560a229477df9406943d5feda5618e98eb64c\kotlin-stdlib-1.8.10.jar;C:\Users\Luke\.gradle\caches\modules-2\files-2.1\org.jetbrains.kotlin\kotlin-script-runtime\1.8.10\b13ea9c7e46d589139e56086a878763290e20bd5\kotlin-script-runtime-1.8.10.jar;C:\Users\Luke\.gradle\caches\modules-2\files-2.1\org.jetbrains.kotlin\kotlin-reflect\1.6.10\1cbe9c92c12a94eea200d23c2bbaedaf3daf5132\kotlin-reflect-1.6.10.jar;C:\Users\Luke\.gradle\caches\modules-2\files-2.1\org.jetbrains.kotlin\kotlin-daemon-embeddable\1.8.10\ad8541d9bc1cf9e52c3204161247910c2cf601d4\kotlin-daemon-embeddable-1.8.10.jar;C:\Users\Luke\.gradle\caches\modules-2\files-2.1\org.jetbrains.intellij.deps\trove4j\1.0.20200330\3afb14d5f9ceb459d724e907a21145e8ff394f02\trove4j-1.0.20200330.jar;C:\Users\Luke\.gradle\caches\modules-2\files-2.1\net.java.dev.jna\jna\5.6.0\330f2244e9030119ab3030fc3fededc86713d9cc\jna-5.6.0.jar;C:\Users\Luke\.gradle\caches\modules-2\files-2.1\org.jetbrains.kotlin\kotlin-stdlib-common\1.8.10\a61b182458550492c12aee66157d7b524a63a5ec\kotlin-stdlib-common-1.8.10.jar;C:\Users\Luke\.gradle\caches\modules-2\files-2.1\org.jetbrains\annotations\13.0\919f0dfe192fb4e063e7dacadee7f8bb9a2672a9\annotations-13.0.jar
Launcher Type: SUN_STANDARD

[Global flags]
     intx CICompilerCount                          = 4                                         {product} {ergonomic}
     uint ConcGCThreads                            = 2                                         {product} {ergonomic}
     uint G1ConcRefinementThreads                  = 8                                         {product} {ergonomic}
   size_t G1HeapRegionSize                         = 2097152                                   {product} {ergonomic}
    uintx GCDrainStackTargetSize                   = 64                                        {product} {ergonomic}
   size_t InitialHeapSize                          = 268435456                                 {product} {ergonomic}
   size_t MarkStackSize                            = 4194304                                   {product} {ergonomic}
   size_t MaxHeapSize                              = 4284481536                                {product} {ergonomic}
   size_t MaxNewSize                               = 2569011200                                {product} {ergonomic}
   size_t MinHeapDeltaBytes                        = 2097152                                   {product} {ergonomic}
   size_t MinHeapSize                              = 8388608                                   {product} {ergonomic}
    uintx NonNMethodCodeHeapSize                   = 5839372                                {pd product} {ergonomic}
    uintx NonProfiledCodeHeapSize                  = 122909434                              {pd product} {ergonomic}
    uintx ProfiledCodeHeapSize                     = 122909434                              {pd product} {ergonomic}
    uintx ReservedCodeCacheSize                    = 251658240                              {pd product} {ergonomic}
     bool SegmentedCodeCache                       = true                                      {product} {ergonomic}
   size_t SoftMaxHeapSize                          = 4284481536                             {manageable} {ergonomic}
     bool UseCompressedClassPointers               = true                           {product lp64_product} {ergonomic}
     bool UseCompressedOops                        = true                           {product lp64_product} {ergonomic}
     bool UseG1GC                                  = true                                      {product} {ergonomic}
     bool UseLargePagesIndividualAllocation        = false                                  {pd product} {ergonomic}

Logging:
Log output configuration:
 #0: stdout all=warning uptime,level,tags
 #1: stderr all=off uptime,level,tags

Environment Variables:
PATH=C:\Windows\system32;C:\Windows;C:\Windows\System32\Wbem;C:\Windows\System32\WindowsPowerShell\v1.0\;C:\Windows\System32\OpenSSH\;C:\Program Files\NVIDIA Corporation\NVIDIA NvDLISR;C:\Program Files\dotnet\;C:\Program Files (x86)\NVIDIA Corporation\PhysX\Common;C:\Program Files\Git\cmd;C:\Users\Luke\AppData\Local\Microsoft\WindowsApps;;C:\Program Files\JetBrains\IntelliJ IDEA 2023.2.2\bin;
USERNAME=Luke
OS=Windows_NT
PROCESSOR_IDENTIFIER=Intel64 Family 6 Model 158 Stepping 9, GenuineIntel
TMP=C:\Users\Luke\AppData\Local\Temp
TEMP=C:\Users\Luke\AppData\Local\Temp


JNI global refs:
JNI global refs: 8, weak refs: 8

JNI global refs memory usage: 843, weak refs: 841


---------------  S Y S T E M  ---------------

OS:
 Windows 10 , 64 bit Build 19041 (10.0.19041.3570)
OS uptime: 0 days 10:01 hours

CPU: total 8 (initial active 8) (4 cores per cpu, 2 threads per core) family 6 model 158 stepping 9 microcode 0xb4, cx8, cmov, fxsr, ht, mmx, 3dnowpref, sse, sse2, sse3, ssse3, sse4.1, sse4.2, popcnt, lzcnt, tsc, tscinvbit, avx, avx2, aes, erms, clmul, bmi1, bmi2, rtm, adx, fma, vzeroupper, clflush, clflushopt

Memory: 4k page, system-wide physical 16343M (2390M free)
TotalPageFile size 23511M (AvailPageFile size 4M)
current process WorkingSet (physical memory assigned to process): 225M, peak: 225M
current process commit charge ("private bytes"): 328M, peak: 367M

vm_info: OpenJDK 64-Bit Server VM (17.0.6+0-b2043.56-10027231) for windows-amd64 JRE (17.0.6+0-b2043.56-10027231), built on Apr 28 2023 00:43:19 by "androidbuild" with MS VC++ 16.10 / 16.11 (VS2019)

END.
