#
# There is insufficient memory for the Java Runtime Environment to continue.
# Native memory allocation (mmap) failed to map 4194304 bytes for G1 virtual space
# Possible reasons:
#   The system is out of physical RAM or swap space
#   The process is running with CompressedOops enabled, and the Java Heap may be blocking the growth of the native heap
# Possible solutions:
#   Reduce memory load on the system
#   Increase physical memory or swap space
#   Check if swap backing store is full
#   Decrease Java heap size (-Xmx/-Xms)
#   Decrease number of Java threads
#   Decrease Java thread stack sizes (-Xss)
#   Set larger code cache with -XX:ReservedCodeCacheSize=
#   JVM is running with Zero Based Compressed Oops mode in which the Java heap is
#     placed in the first 32GB address space. The Java Heap base address is the
#     maximum limit for the native heap growth. Please use -XX:HeapBaseMinAddress
#     to set the Java Heap base and to place the Java Heap above 32GB virtual address.
# This output file may be truncated or incomplete.
#
#  Out of Memory Error (os_windows.cpp:3769), pid=16856, tid=8332
#
# JRE version:  (17.0.6) (build )
# Java VM: OpenJDK 64-Bit Server VM (17.0.6+0-b2043.56-10027231, mixed mode, sharing, tiered, compressed oops, compressed class ptrs, g1 gc, windows-amd64)
# No core dump will be written. Minidumps are not enabled by default on client versions of Windows
#

---------------  S U M M A R Y ------------

Command Line: git4idea.http.GitAskPassApp Username for 'https://github.com': 

Host: Intel(R) Core(TM) i7-7700K CPU @ 4.20GHz, 8 cores, 15G,  Windows 10 , 64 bit Build 19041 (10.0.19041.3570)
Time: Sat Oct 14 17:53:06 2023 W. Europe Daylight Time elapsed time: 0.026716 seconds (0d 0h 0m 0s)

---------------  T H R E A D  ---------------

Current thread (0x000001fecc0ada90):  JavaThread "Unknown thread" [_thread_in_vm, id=8332, stack(0x0000002d8e100000,0x0000002d8e200000)]

Stack: [0x0000002d8e100000,0x0000002d8e200000]
Native frames: (J=compiled Java code, j=interpreted, Vv=VM code, C=native code)
V  [jvm.dll+0x683c9a]
V  [jvm.dll+0x8427a4]
V  [jvm.dll+0x843f9e]
V  [jvm.dll+0x844603]
V  [jvm.dll+0x249b75]
V  [jvm.dll+0x680b69]
V  [jvm.dll+0x67505a]
V  [jvm.dll+0x309acb]
V  [jvm.dll+0x310f86]
V  [jvm.dll+0x360903]
V  [jvm.dll+0x360b1f]
V  [jvm.dll+0x2dfbf8]
V  [jvm.dll+0x2e0b64]
V  [jvm.dll+0x814091]
V  [jvm.dll+0x36e6a1]
V  [jvm.dll+0x7f35cc]
V  [jvm.dll+0x3f0e8f]
V  [jvm.dll+0x3f29d1]
C  [jli.dll+0x526b]
C  [ucrtbase.dll+0x21bb2]
C  [KERNEL32.DLL+0x17344]
C  [ntdll.dll+0x526b1]


---------------  P R O C E S S  ---------------

Threads class SMR info:
_java_thread_list=0x00007ff9cce0c058, length=0, elements={
}

Java Threads: ( => current thread )

Other Threads:
  0x000001fecc11c570 GCTaskThread "GC Thread#0" [stack: 0x0000002d8e200000,0x0000002d8e300000] [id=6056]
  0x000001fecc12d400 ConcurrentGCThread "G1 Main Marker" [stack: 0x0000002d8e300000,0x0000002d8e400000] [id=6784]
  0x000001fecc12de10 ConcurrentGCThread "G1 Conc#0" [stack: 0x0000002d8e400000,0x0000002d8e500000] [id=16784]

[error occurred during error reporting (printing all threads), id 0xc0000005, EXCEPTION_ACCESS_VIOLATION (0xc0000005) at pc=0x00007ff9cc5c0797]

VM state: not at safepoint (not fully initialized)

VM Mutex/Monitor currently owned by a thread:  ([mutex/lock_event])
[0x000001fecc09a230] Heap_lock - owner thread: 0x000001fecc0ada90

Heap address: 0x0000000700a00000, size: 4086 MB, Compressed Oops mode: Zero based, Oop shift amount: 3

CDS archive(s) mapped at: [0x0000000000000000-0x0000000000000000-0x0000000000000000), size 0, SharedBaseAddress: 0x0000000800000000, ArchiveRelocationMode: 0.
Narrow klass base: 0x0000000000000000, Narrow klass shift: 0, Narrow klass range: 0x0

GC Precious Log:
<Empty>

Heap:
 garbage-first heap   total 0K, used 0K [0x0000000700a00000, 0x0000000800000000)
  region size 2048K, 0 young (0K), 0 survivors (0K)

[error occurred during error reporting (printing heap information), id 0xc0000005, EXCEPTION_ACCESS_VIOLATION (0xc0000005) at pc=0x00007ff9cc9ada89]

GC Heap History (0 events):
No events

Dll operation events (1 events):
Event: 0.004 Loaded shared library C:\Program Files\Android\Android Studio\jbr\bin\java.dll

Deoptimization events (0 events):
No events

Classes unloaded (0 events):
No events

Classes redefined (0 events):
No events

Internal exceptions (0 events):
No events

VM Operations (0 events):
No events

Events (0 events):
No events


Dynamic libraries:
0x00007ff79ed90000 - 0x00007ff79ed9a000 	C:\Program Files\Android\Android Studio\jbr\bin\java.exe
0x00007ffa2e330000 - 0x00007ffa2e527000 	C:\Windows\SYSTEM32\ntdll.dll
0x00007ffa2c860000 - 0x00007ffa2c91d000 	C:\Windows\System32\KERNEL32.DLL
0x00007ffa2bd80000 - 0x00007ffa2c076000 	C:\Windows\System32\KERNELBASE.dll
0x00007ffa2c080000 - 0x00007ffa2c180000 	C:\Windows\System32\ucrtbase.dll
0x00007ff9fedb0000 - 0x00007ff9fedc7000 	C:\Program Files\Android\Android Studio\jbr\bin\jli.dll
0x00007ff9fb820000 - 0x00007ff9fb83b000 	C:\Program Files\Android\Android Studio\jbr\bin\VCRUNTIME140.dll
0x00007ffa2cb30000 - 0x00007ffa2ccce000 	C:\Windows\System32\USER32.dll
0x00007ffa1ff10000 - 0x00007ffa201aa000 	C:\Windows\WinSxS\amd64_microsoft.windows.common-controls_6595b64144ccf1df_6.0.19041.3570_none_60bb2a3971f3e41a\COMCTL32.dll
0x00007ffa2ba80000 - 0x00007ffa2baa2000 	C:\Windows\System32\win32u.dll
0x00007ffa2c9f0000 - 0x00007ffa2ca8e000 	C:\Windows\System32\msvcrt.dll
0x00007ffa2d3b0000 - 0x00007ffa2d3dc000 	C:\Windows\System32\GDI32.dll
0x00007ffa2bc30000 - 0x00007ffa2bd4a000 	C:\Windows\System32\gdi32full.dll
0x00007ffa2bb00000 - 0x00007ffa2bb9d000 	C:\Windows\System32\msvcp_win.dll
0x00007ffa2d560000 - 0x00007ffa2d590000 	C:\Windows\System32\IMM32.DLL
0x00007ffa07e80000 - 0x00007ffa07e8c000 	C:\Program Files\Android\Android Studio\jbr\bin\vcruntime140_1.dll
0x00007ff9e20f0000 - 0x00007ff9e217d000 	C:\Program Files\Android\Android Studio\jbr\bin\msvcp140.dll
0x00007ff9cc2d0000 - 0x00007ff9ccf3e000 	C:\Program Files\Android\Android Studio\jbr\bin\server\jvm.dll
0x00007ffa2daf0000 - 0x00007ffa2db9e000 	C:\Windows\System32\ADVAPI32.dll
0x00007ffa2ca90000 - 0x00007ffa2cb2c000 	C:\Windows\System32\sechost.dll
0x00007ffa2d220000 - 0x00007ffa2d346000 	C:\Windows\System32\RPCRT4.dll
0x00007ffa22920000 - 0x00007ffa22929000 	C:\Windows\SYSTEM32\WSOCK32.dll
0x00007ffa220d0000 - 0x00007ffa220f7000 	C:\Windows\SYSTEM32\WINMM.dll
0x00007ffa24800000 - 0x00007ffa2480a000 	C:\Windows\SYSTEM32\VERSION.dll
0x00007ffa2d8f0000 - 0x00007ffa2d95b000 	C:\Windows\System32\WS2_32.dll
0x00007ffa298d0000 - 0x00007ffa298e2000 	C:\Windows\SYSTEM32\kernel.appcore.dll
0x00007ffa14810000 - 0x00007ffa1481a000 	C:\Program Files\Android\Android Studio\jbr\bin\jimage.dll
0x00007ffa203a0000 - 0x00007ffa20584000 	C:\Windows\SYSTEM32\DBGHELP.DLL
0x00007ffa12e90000 - 0x00007ffa12ec4000 	C:\Windows\SYSTEM32\dbgcore.DLL
0x00007ffa2bba0000 - 0x00007ffa2bc22000 	C:\Windows\System32\bcryptPrimitives.dll
0x00007ffa08140000 - 0x00007ffa08165000 	C:\Program Files\Android\Android Studio\jbr\bin\java.dll

dbghelp: loaded successfully - version: 4.0.5 - missing functions: none
symbol engine: initialized successfully - sym options: 0x614 - pdb path: .;C:\Program Files\Android\Android Studio\jbr\bin;C:\Windows\SYSTEM32;C:\Windows\WinSxS\amd64_microsoft.windows.common-controls_6595b64144ccf1df_6.0.19041.3570_none_60bb2a3971f3e41a;C:\Program Files\Android\Android Studio\jbr\bin\server

VM Arguments:
java_command: git4idea.http.GitAskPassApp Username for 'https://github.com': 
java_class_path (initial): C:/Program Files/Android/Android Studio/plugins/vcs-git/lib/git4idea-rt.jar;C:/Program Files/Android/Android Studio/lib/externalProcess-rt.jar;C:/Program Files/Android/Android Studio/lib/app.jar;C:/Program Files/Android/Android Studio/lib/3rd-party-rt.jar
Launcher Type: SUN_STANDARD

[Global flags]
     intx CICompilerCount                          = 4                                         {product} {ergonomic}
     uint ConcGCThreads                            = 2                                         {product} {ergonomic}
     uint G1ConcRefinementThreads                  = 8                                         {product} {ergonomic}
   size_t G1HeapRegionSize                         = 2097152                                   {product} {ergonomic}
    uintx GCDrainStackTargetSize                   = 64                                        {product} {ergonomic}
   size_t InitialHeapSize                          = 268435456                                 {product} {ergonomic}
   size_t MarkStackSize                            = 4194304                                   {product} {ergonomic}
   size_t MaxHeapSize                              = 4284481536                                {product} {ergonomic}
   size_t MinHeapDeltaBytes                        = 2097152                                   {product} {ergonomic}
   size_t MinHeapSize                              = 8388608                                   {product} {ergonomic}
    uintx NonNMethodCodeHeapSize                   = 5839372                                {pd product} {ergonomic}
    uintx NonProfiledCodeHeapSize                  = 122909434                              {pd product} {ergonomic}
    uintx ProfiledCodeHeapSize                     = 122909434                              {pd product} {ergonomic}
    uintx ReservedCodeCacheSize                    = 251658240                              {pd product} {ergonomic}
     bool SegmentedCodeCache                       = true                                      {product} {ergonomic}
   size_t SoftMaxHeapSize                          = 4284481536                             {manageable} {ergonomic}
     bool UseCompressedClassPointers               = true                           {product lp64_product} {ergonomic}
     bool UseCompressedOops                        = true                           {product lp64_product} {ergonomic}
     bool UseG1GC                                  = true                                      {product} {ergonomic}
     bool UseLargePagesIndividualAllocation        = false                                  {pd product} {ergonomic}

Logging:
Log output configuration:
 #0: stdout all=warning uptime,level,tags
 #1: stderr all=off uptime,level,tags

Environment Variables:
PATH=C:\Program Files\Git\mingw64\libexec\git-core;C:\Program Files\Git\mingw64\libexec\git-core;C:\Program Files\Git\mingw64\bin;C:\Program Files\Git\usr\bin;C:\Users\Luke\bin;C:\Windows\system32;C:\Windows;C:\Windows\System32\Wbem;C:\Windows\System32\WindowsPowerShell\v1.0;C:\Windows\System32\OpenSSH;C:\Program Files\NVIDIA Corporation\NVIDIA NvDLISR;C:\Program Files\dotnet;C:\Program Files (x86)\NVIDIA Corporation\PhysX\Common;C:\Program Files\Git\cmd;C:\Users\Luke\AppData\Local\Microsoft\WindowsApps;C:\Program Files\JetBrains\IntelliJ IDEA 2023.2.2\bin
USERNAME=Luke
DISPLAY=:0.0
LC_ALL=en_US.UTF-8
TERM=xterm-256color
TMPDIR=C:\Users\Luke\AppData\Local\Temp
OS=Windows_NT
PROCESSOR_IDENTIFIER=Intel64 Family 6 Model 158 Stepping 9, GenuineIntel
TMP=C:\Users\Luke\AppData\Local\Temp
TEMP=C:\Users\Luke\AppData\Local\Temp


JNI global refs:

[error occurred during error reporting (JNI global references), id 0xc0000005, EXCEPTION_ACCESS_VIOLATION (0xc0000005) at pc=0x00007ff9cc387a10]


---------------  S Y S T E M  ---------------

OS:
 Windows 10 , 64 bit Build 19041 (10.0.19041.3570)
OS uptime: 0 days 9:23 hours

CPU: total 8 (initial active 8) (4 cores per cpu, 2 threads per core) family 6 model 158 stepping 9 microcode 0xb4, cx8, cmov, fxsr, ht, mmx, 3dnowpref, sse, sse2, sse3, ssse3, sse4.1, sse4.2, popcnt, lzcnt, tsc, tscinvbit, avx, avx2, aes, erms, clmul, bmi1, bmi2, rtm, adx, fma, vzeroupper, clflush, clflushopt

Memory: 4k page, system-wide physical 16343M (3070M free)
TotalPageFile size 23511M (AvailPageFile size 5M)
current process WorkingSet (physical memory assigned to process): 10M, peak: 10M
current process commit charge ("private bytes"): 316M, peak: 320M

vm_info: OpenJDK 64-Bit Server VM (17.0.6+0-b2043.56-10027231) for windows-amd64 JRE (17.0.6+0-b2043.56-10027231), built on Apr 28 2023 00:43:19 by "androidbuild" with MS VC++ 16.10 / 16.11 (VS2019)

END.
